<?xml version="1.0" encoding="UTF-8"?>
<!-- Generated by org.testng.reporters.JUnitReportReporter -->
<testsuite skipped="0" hostname="LAPTOP-6PND9G9P" name="testCases.TC_VideoGameAPI" tests="5" failures="0" timestamp="08 Feb 2021 13:43:58 GMT" time="5.622" errors="0">
  <testcase name="test_addNewVoideoGame" time="3.180" classname="testCases.TC_VideoGameAPI"/>
  <testcase name="test_putNewVoideoGame" time="0.668" classname="testCases.TC_VideoGameAPI"/>
  <testcase name="test_getAllVideoGames" time="0.365" classname="testCases.TC_VideoGameAPI"/>
  <testcase name="test_deleteNewVoideoGame" time="0.721" classname="testCases.TC_VideoGameAPI"/>
  <testcase name="test_patchNewVoideoGame" time="0.688" classname="testCases.TC_VideoGameAPI"/>
</testsuite> <!-- testCases.TC_VideoGameAPI -->
